<?xml version="1.0" encoding="UTF-8"?>
<!-- Generated by org.testng.reporters.JUnitXMLReporter -->
<testsuite hostname="DESKTOP-UILR0OR" name="Test" tests="3" failures="0" timestamp="11 Aug 2019 09:37:44 GMT" time="31.505" errors="0">
  <testcase name="login" time="3.469" classname="scripts.VerifyActitimeVersion"/>
  <testcase name="login" time="1.056" classname="scripts.InvalidLogin"/>
  <testcase name="login" time="1.433" classname="scripts.ValidLoginLogout"/>
</testsuite> <!-- Test -->
